Apache Maven 3.8.4 (9b656c72d54e5bacbed989b64718c159fe39b537)
Maven home: C:\Program Files\Apache Software Foundation\apache-maven-3.8.4
Java version: 17.0.2, vendor: Oracle Corporation, runtime: C:\Program Files\Java\jdk-17.0.2
Default locale: en_US, platform encoding: Cp1252
OS name: "windows 10", version: "10.0", arch: "amd64", family: "windows"
[DEBUG] Created new class realm maven.api
[DEBUG] Importing foreign packages into class realm maven.api
[DEBUG]   Imported: javax.annotation.* < plexus.core
[DEBUG]   Imported: javax.annotation.security.* < plexus.core
[DEBUG]   Imported: javax.inject.* < plexus.core
[DEBUG]   Imported: org.apache.maven.* < plexus.core
[DEBUG]   Imported: org.apache.maven.artifact < plexus.core
[DEBUG]   Imported: org.apache.maven.classrealm < plexus.core
[DEBUG]   Imported: org.apache.maven.cli < plexus.core
[DEBUG]   Imported: org.apache.maven.configuration < plexus.core
[DEBUG]   Imported: org.apache.maven.exception < plexus.core
[DEBUG]   Imported: org.apache.maven.execution < plexus.core
[DEBUG]   Imported: org.apache.maven.execution.scope < plexus.core
[DEBUG]   Imported: org.apache.maven.lifecycle < plexus.core
[DEBUG]   Imported: org.apache.maven.model < plexus.core
[DEBUG]   Imported: org.apache.maven.monitor < plexus.core
[DEBUG]   Imported: org.apache.maven.plugin < plexus.core
[DEBUG]   Imported: org.apache.maven.profiles < plexus.core
[DEBUG]   Imported: org.apache.maven.project < plexus.core
[DEBUG]   Imported: org.apache.maven.reporting < plexus.core
[DEBUG]   Imported: org.apache.maven.repository < plexus.core
[DEBUG]   Imported: org.apache.maven.rtinfo < plexus.core
[DEBUG]   Imported: org.apache.maven.settings < plexus.core
[DEBUG]   Imported: org.apache.maven.toolchain < plexus.core
[DEBUG]   Imported: org.apache.maven.usability < plexus.core
[DEBUG]   Imported: org.apache.maven.wagon.* < plexus.core
[DEBUG]   Imported: org.apache.maven.wagon.authentication < plexus.core
[DEBUG]   Imported: org.apache.maven.wagon.authorization < plexus.core
[DEBUG]   Imported: org.apache.maven.wagon.events < plexus.core
[DEBUG]   Imported: org.apache.maven.wagon.observers < plexus.core
[DEBUG]   Imported: org.apache.maven.wagon.proxy < plexus.core
[DEBUG]   Imported: org.apache.maven.wagon.repository < plexus.core
[DEBUG]   Imported: org.apache.maven.wagon.resource < plexus.core
[DEBUG]   Imported: org.codehaus.classworlds < plexus.core
[DEBUG]   Imported: org.codehaus.plexus.* < plexus.core
[DEBUG]   Imported: org.codehaus.plexus.classworlds < plexus.core
[DEBUG]   Imported: org.codehaus.plexus.component < plexus.core
[DEBUG]   Imported: org.codehaus.plexus.configuration < plexus.core
[DEBUG]   Imported: org.codehaus.plexus.container < plexus.core
[DEBUG]   Imported: org.codehaus.plexus.context < plexus.core
[DEBUG]   Imported: org.codehaus.plexus.lifecycle < plexus.core
[DEBUG]   Imported: org.codehaus.plexus.logging < plexus.core
[DEBUG]   Imported: org.codehaus.plexus.personality < plexus.core
[DEBUG]   Imported: org.codehaus.plexus.util.xml.Xpp3Dom < plexus.core
[DEBUG]   Imported: org.codehaus.plexus.util.xml.pull.XmlPullParser < plexus.core
[DEBUG]   Imported: org.codehaus.plexus.util.xml.pull.XmlPullParserException < plexus.core
[DEBUG]   Imported: org.codehaus.plexus.util.xml.pull.XmlSerializer < plexus.core
[DEBUG]   Imported: org.eclipse.aether.* < plexus.core
[DEBUG]   Imported: org.eclipse.aether.artifact < plexus.core
[DEBUG]   Imported: org.eclipse.aether.collection < plexus.core
[DEBUG]   Imported: org.eclipse.aether.deployment < plexus.core
[DEBUG]   Imported: org.eclipse.aether.graph < plexus.core
[DEBUG]   Imported: org.eclipse.aether.impl < plexus.core
[DEBUG]   Imported: org.eclipse.aether.installation < plexus.core
[DEBUG]   Imported: org.eclipse.aether.internal.impl < plexus.core
[DEBUG]   Imported: org.eclipse.aether.metadata < plexus.core
[DEBUG]   Imported: org.eclipse.aether.repository < plexus.core
[DEBUG]   Imported: org.eclipse.aether.resolution < plexus.core
[DEBUG]   Imported: org.eclipse.aether.spi < plexus.core
[DEBUG]   Imported: org.eclipse.aether.transfer < plexus.core
[DEBUG]   Imported: org.eclipse.aether.version < plexus.core
[DEBUG]   Imported: org.fusesource.jansi.* < plexus.core
[DEBUG]   Imported: org.slf4j.* < plexus.core
[DEBUG]   Imported: org.slf4j.event.* < plexus.core
[DEBUG]   Imported: org.slf4j.helpers.* < plexus.core
[DEBUG]   Imported: org.slf4j.spi.* < plexus.core
[DEBUG] Populating class realm maven.api
[INFO] Error stacktraces are turned on.
[DEBUG] Message scheme: plain
[DEBUG] Reading global settings from C:\Program Files\Apache Software Foundation\apache-maven-3.8.4\conf\settings.xml
[DEBUG] Reading user settings from C:\Users\cristian.cardozo\AppData\Local\Temp\invoker-settings15238228258870042147.xml
[DEBUG] Reading global toolchains from C:\Program Files\Apache Software Foundation\apache-maven-3.8.4\conf\toolchains.xml
[DEBUG] Reading user toolchains from C:\Users\cristian.cardozo\.m2\toolchains.xml
[DEBUG] Using local repository at C:\Users\cristian.cardozo\.m2\repository
[DEBUG] Using manager EnhancedLocalRepositoryManager with priority 10.0 for C:\Users\cristian.cardozo\.m2\repository
[INFO] Scanning for projects...
[DEBUG] Extension realms for project com.camcar.appdesktopui:app-desktop-ui:jar:1.0: (none)
[DEBUG] Looking up lifecycle mappings for packaging jar from ClassRealm[plexus.core, parent: null]
[WARNING] 
[WARNING] Some problems were encountered while building the effective model for com.camcar.appdesktopui:app-desktop-ui:jar:1.0
[WARNING] 'dependencies.dependency.systemPath' for com.camcar.buscoreapi:bus-core-api:jar should use a variable instead of a hard-coded path C:\Users\cristian.cardozo\Documents\UGlobant\MVN\bus-core-api\target\bus-core-api-1.0-SNAPSHOT.jar @ line 24, column 16
[WARNING] 
[WARNING] It is highly recommended to fix these problems because they threaten the stability of your build.
[WARNING] 
[WARNING] For this reason, future Maven versions might no longer support building such malformed projects.
[WARNING] 
[DEBUG] === REACTOR BUILD PLAN ================================================
[DEBUG] Project: com.camcar.appdesktopui:app-desktop-ui:jar:1.0
[DEBUG] Tasks:   [package]
[DEBUG] Style:   Regular
[DEBUG] =======================================================================
[INFO] 
[INFO] ---------------< com.camcar.appdesktopui:app-desktop-ui >---------------
[INFO] Building app-desktop-ui 1.0
[INFO] --------------------------------[ jar ]---------------------------------
[DEBUG] Lifecycle default -> [validate, initialize, generate-sources, process-sources, generate-resources, process-resources, compile, process-classes, generate-test-sources, process-test-sources, generate-test-resources, process-test-resources, test-compile, process-test-classes, test, prepare-package, package, pre-integration-test, integration-test, post-integration-test, verify, install, deploy]
[DEBUG] Lifecycle clean -> [pre-clean, clean, post-clean]
[DEBUG] Lifecycle site -> [pre-site, site, post-site, site-deploy]
[DEBUG] Using mirror maven-default-http-blocker (http://0.0.0.0/) for apache.snapshots (http://repository.apache.org/snapshots).
[DEBUG] Lifecycle default -> [validate, initialize, generate-sources, process-sources, generate-resources, process-resources, compile, process-classes, generate-test-sources, process-test-sources, generate-test-resources, process-test-resources, test-compile, process-test-classes, test, prepare-package, package, pre-integration-test, integration-test, post-integration-test, verify, install, deploy]
[DEBUG] Lifecycle clean -> [pre-clean, clean, post-clean]
[DEBUG] Lifecycle site -> [pre-site, site, post-site, site-deploy]
[DEBUG] Lifecycle default -> [validate, initialize, generate-sources, process-sources, generate-resources, process-resources, compile, process-classes, generate-test-sources, process-test-sources, generate-test-resources, process-test-resources, test-compile, process-test-classes, test, prepare-package, package, pre-integration-test, integration-test, post-integration-test, verify, install, deploy]
[DEBUG] Lifecycle clean -> [pre-clean, clean, post-clean]
[DEBUG] Lifecycle site -> [pre-site, site, post-site, site-deploy]
[DEBUG] Lifecycle default -> [validate, initialize, generate-sources, process-sources, generate-resources, process-resources, compile, process-classes, generate-test-sources, process-test-sources, generate-test-resources, process-test-resources, test-compile, process-test-classes, test, prepare-package, package, pre-integration-test, integration-test, post-integration-test, verify, install, deploy]
[DEBUG] Lifecycle clean -> [pre-clean, clean, post-clean]
[DEBUG] Lifecycle site -> [pre-site, site, post-site, site-deploy]
[DEBUG] Lifecycle default -> [validate, initialize, generate-sources, process-sources, generate-resources, process-resources, compile, process-classes, generate-test-sources, process-test-sources, generate-test-resources, process-test-resources, test-compile, process-test-classes, test, prepare-package, package, pre-integration-test, integration-test, post-integration-test, verify, install, deploy]
[DEBUG] Lifecycle clean -> [pre-clean, clean, post-clean]
[DEBUG] Lifecycle site -> [pre-site, site, post-site, site-deploy]
[DEBUG] Lifecycle default -> [validate, initialize, generate-sources, process-sources, generate-resources, process-resources, compile, process-classes, generate-test-sources, process-test-sources, generate-test-resources, process-test-resources, test-compile, process-test-classes, test, prepare-package, package, pre-integration-test, integration-test, post-integration-test, verify, install, deploy]
[DEBUG] Lifecycle clean -> [pre-clean, clean, post-clean]
[DEBUG] Lifecycle site -> [pre-site, site, post-site, site-deploy]
[DEBUG] Lifecycle default -> [validate, initialize, generate-sources, process-sources, generate-resources, process-resources, compile, process-classes, generate-test-sources, process-test-sources, generate-test-resources, process-test-resources, test-compile, process-test-classes, test, prepare-package, package, pre-integration-test, integration-test, post-integration-test, verify, install, deploy]
[DEBUG] Lifecycle clean -> [pre-clean, clean, post-clean]
[DEBUG] Lifecycle site -> [pre-site, site, post-site, site-deploy]
[DEBUG] === PROJECT BUILD PLAN ================================================
[DEBUG] Project:       com.camcar.appdesktopui:app-desktop-ui:1.0
[DEBUG] Dependencies (collect): []
[DEBUG] Dependencies (resolve): [compile, runtime, test]
[DEBUG] Repositories (dependencies): [central (https://repo.maven.apache.org/maven2, default, releases)]
[DEBUG] Repositories (plugins)     : [central (https://repo.maven.apache.org/maven2, default, releases)]
[DEBUG] -----------------------------------------------------------------------
[DEBUG] Goal:          org.apache.maven.plugins:maven-resources-plugin:2.6:resources (default-resources)
[DEBUG] Style:         Regular
[DEBUG] Configuration: <?xml version="1.0" encoding="UTF-8"?>
<configuration>
  <buildFilters default-value="${project.build.filters}"/>
  <encoding default-value="${project.build.sourceEncoding}">${encoding}</encoding>
  <escapeString>${maven.resources.escapeString}</escapeString>
  <escapeWindowsPaths default-value="true">${maven.resources.escapeWindowsPaths}</escapeWindowsPaths>
  <includeEmptyDirs default-value="false">${maven.resources.includeEmptyDirs}</includeEmptyDirs>
  <outputDirectory default-value="${project.build.outputDirectory}"/>
  <overwrite default-value="false">${maven.resources.overwrite}</overwrite>
  <project default-value="${project}"/>
  <resources default-value="${project.resources}"/>
  <session default-value="${session}"/>
  <supportMultiLineFiltering default-value="false">${maven.resources.supportMultiLineFiltering}</supportMultiLineFiltering>
  <useBuildFilters default-value="true"/>
  <useDefaultDelimiters default-value="true"/>
</configuration>
[DEBUG] -----------------------------------------------------------------------
[DEBUG] Goal:          org.apache.maven.plugins:maven-compiler-plugin:3.1:compile (default-compile)
[DEBUG] Style:         Regular
[DEBUG] Configuration: <?xml version="1.0" encoding="UTF-8"?>
<configuration>
  <basedir default-value="${basedir}"/>
  <buildDirectory default-value="${project.build.directory}"/>
  <classpathElements default-value="${project.compileClasspathElements}"/>
  <compileSourceRoots default-value="${project.compileSourceRoots}"/>
  <compilerId default-value="javac">${maven.compiler.compilerId}</compilerId>
  <compilerReuseStrategy default-value="${reuseCreated}">${maven.compiler.compilerReuseStrategy}</compilerReuseStrategy>
  <compilerVersion>${maven.compiler.compilerVersion}</compilerVersion>
  <debug default-value="true">${maven.compiler.debug}</debug>
  <debuglevel>${maven.compiler.debuglevel}</debuglevel>
  <encoding default-value="${project.build.sourceEncoding}">${encoding}</encoding>
  <executable>${maven.compiler.executable}</executable>
  <failOnError default-value="true">${maven.compiler.failOnError}</failOnError>
  <forceJavacCompilerUse default-value="false">${maven.compiler.forceJavacCompilerUse}</forceJavacCompilerUse>
  <fork default-value="false">${maven.compiler.fork}</fork>
  <generatedSourcesDirectory default-value="${project.build.directory}/generated-sources/annotations"/>
  <maxmem>${maven.compiler.maxmem}</maxmem>
  <meminitial>${maven.compiler.meminitial}</meminitial>
  <mojoExecution>${mojoExecution}</mojoExecution>
  <optimize default-value="false">${maven.compiler.optimize}</optimize>
  <outputDirectory default-value="${project.build.outputDirectory}"/>
  <projectArtifact default-value="${project.artifact}"/>
  <showDeprecation default-value="false">${maven.compiler.showDeprecation}</showDeprecation>
  <showWarnings default-value="false">${maven.compiler.showWarnings}</showWarnings>
  <skipMain>${maven.main.skip}</skipMain>
  <skipMultiThreadWarning default-value="false">${maven.compiler.skipMultiThreadWarning}</skipMultiThreadWarning>
  <source default-value="1.5">${maven.compiler.source}</source>
  <staleMillis default-value="0">${lastModGranularityMs}</staleMillis>
  <target default-value="1.5">${maven.compiler.target}</target>
  <useIncrementalCompilation default-value="true">${maven.compiler.useIncrementalCompilation}</useIncrementalCompilation>
  <verbose default-value="false">${maven.compiler.verbose}</verbose>
  <mavenSession default-value="${session}"/>
  <session default-value="${session}"/>
</configuration>
[DEBUG] -----------------------------------------------------------------------
[DEBUG] Goal:          org.apache.maven.plugins:maven-resources-plugin:2.6:testResources (default-testResources)
[DEBUG] Style:         Regular
[DEBUG] Configuration: <?xml version="1.0" encoding="UTF-8"?>
<configuration>
  <buildFilters default-value="${project.build.filters}"/>
  <encoding default-value="${project.build.sourceEncoding}">${encoding}</encoding>
  <escapeString>${maven.resources.escapeString}</escapeString>
  <escapeWindowsPaths default-value="true">${maven.resources.escapeWindowsPaths}</escapeWindowsPaths>
  <includeEmptyDirs default-value="false">${maven.resources.includeEmptyDirs}</includeEmptyDirs>
  <outputDirectory default-value="${project.build.testOutputDirectory}"/>
  <overwrite default-value="false">${maven.resources.overwrite}</overwrite>
  <project default-value="${project}"/>
  <resources default-value="${project.testResources}"/>
  <session default-value="${session}"/>
  <skip>${maven.test.skip}</skip>
  <supportMultiLineFiltering default-value="false">${maven.resources.supportMultiLineFiltering}</supportMultiLineFiltering>
  <useBuildFilters default-value="true"/>
  <useDefaultDelimiters default-value="true"/>
</configuration>
[DEBUG] -----------------------------------------------------------------------
[DEBUG] Goal:          org.apache.maven.plugins:maven-compiler-plugin:3.1:testCompile (default-testCompile)
[DEBUG] Style:         Regular
[DEBUG] Configuration: <?xml version="1.0" encoding="UTF-8"?>
<configuration>
  <basedir default-value="${basedir}"/>
  <buildDirectory default-value="${project.build.directory}"/>
  <classpathElements default-value="${project.testClasspathElements}"/>
  <compileSourceRoots default-value="${project.testCompileSourceRoots}"/>
  <compilerId default-value="javac">${maven.compiler.compilerId}</compilerId>
  <compilerReuseStrategy default-value="${reuseCreated}">${maven.compiler.compilerReuseStrategy}</compilerReuseStrategy>
  <compilerVersion>${maven.compiler.compilerVersion}</compilerVersion>
  <debug default-value="true">${maven.compiler.debug}</debug>
  <debuglevel>${maven.compiler.debuglevel}</debuglevel>
  <encoding default-value="${project.build.sourceEncoding}">${encoding}</encoding>
  <executable>${maven.compiler.executable}</executable>
  <failOnError default-value="true">${maven.compiler.failOnError}</failOnError>
  <forceJavacCompilerUse default-value="false">${maven.compiler.forceJavacCompilerUse}</forceJavacCompilerUse>
  <fork default-value="false">${maven.compiler.fork}</fork>
  <generatedTestSourcesDirectory default-value="${project.build.directory}/generated-test-sources/test-annotations"/>
  <maxmem>${maven.compiler.maxmem}</maxmem>
  <meminitial>${maven.compiler.meminitial}</meminitial>
  <mojoExecution>${mojoExecution}</mojoExecution>
  <optimize default-value="false">${maven.compiler.optimize}</optimize>
  <outputDirectory default-value="${project.build.testOutputDirectory}"/>
  <showDeprecation default-value="false">${maven.compiler.showDeprecation}</showDeprecation>
  <showWarnings default-value="false">${maven.compiler.showWarnings}</showWarnings>
  <skip>${maven.test.skip}</skip>
  <skipMultiThreadWarning default-value="false">${maven.compiler.skipMultiThreadWarning}</skipMultiThreadWarning>
  <source default-value="1.5">${maven.compiler.source}</source>
  <staleMillis default-value="0">${lastModGranularityMs}</staleMillis>
  <target default-value="1.5">${maven.compiler.target}</target>
  <testSource>${maven.compiler.testSource}</testSource>
  <testTarget>${maven.compiler.testTarget}</testTarget>
  <useIncrementalCompilation default-value="true">${maven.compiler.useIncrementalCompilation}</useIncrementalCompilation>
  <verbose default-value="false">${maven.compiler.verbose}</verbose>
  <mavenSession default-value="${session}"/>
  <session default-value="${session}"/>
</configuration>
[DEBUG] -----------------------------------------------------------------------
[DEBUG] Goal:          org.apache.maven.plugins:maven-surefire-plugin:2.12.4:test (default-test)
[DEBUG] Style:         Regular
[DEBUG] Configuration: <?xml version="1.0" encoding="UTF-8"?>
<configuration>
  <argLine>${argLine}</argLine>
  <basedir default-value="${basedir}"/>
  <childDelegation default-value="false">${childDelegation}</childDelegation>
  <classesDirectory default-value="${project.build.outputDirectory}"/>
  <debugForkedProcess>${maven.surefire.debug}</debugForkedProcess>
  <disableXmlReport default-value="false">${disableXmlReport}</disableXmlReport>
  <enableAssertions default-value="true">${enableAssertions}</enableAssertions>
  <excludedGroups>${excludedGroups}</excludedGroups>
  <failIfNoSpecifiedTests>${surefire.failIfNoSpecifiedTests}</failIfNoSpecifiedTests>
  <failIfNoTests>${failIfNoTests}</failIfNoTests>
  <forkMode default-value="once">${forkMode}</forkMode>
  <forkedProcessTimeoutInSeconds>${surefire.timeout}</forkedProcessTimeoutInSeconds>
  <groups>${groups}</groups>
  <junitArtifactName default-value="junit:junit">${junitArtifactName}</junitArtifactName>
  <jvm>${jvm}</jvm>
  <localRepository default-value="${localRepository}"/>
  <objectFactory>${objectFactory}</objectFactory>
  <parallel>${parallel}</parallel>
  <parallelMavenExecution default-value="${session.parallel}"/>
  <perCoreThreadCount default-value="true">${perCoreThreadCount}</perCoreThreadCount>
  <pluginArtifactMap>${plugin.artifactMap}</pluginArtifactMap>
  <pluginDescriptor default-value="${plugin}"/>
  <printSummary default-value="true">${surefire.printSummary}</printSummary>
  <projectArtifactMap>${project.artifactMap}</projectArtifactMap>
  <redirectTestOutputToFile default-value="false">${maven.test.redirectTestOutputToFile}</redirectTestOutputToFile>
  <remoteRepositories default-value="${project.pluginArtifactRepositories}"/>
  <reportFormat default-value="brief">${surefire.reportFormat}</reportFormat>
  <reportNameSuffix default-value="">${surefire.reportNameSuffix}</reportNameSuffix>
  <reportsDirectory default-value="${project.build.directory}/surefire-reports"/>
  <runOrder default-value="filesystem"/>
  <skip default-value="false">${maven.test.skip}</skip>
  <skipExec>${maven.test.skip.exec}</skipExec>
  <skipTests default-value="false">${skipTests}</skipTests>
  <test>${test}</test>
  <testClassesDirectory default-value="${project.build.testOutputDirectory}"/>
  <testFailureIgnore default-value="false">${maven.test.failure.ignore}</testFailureIgnore>
  <testNGArtifactName default-value="org.testng:testng">${testNGArtifactName}</testNGArtifactName>
  <testSourceDirectory default-value="${project.build.testSourceDirectory}"/>
  <threadCount>${threadCount}</threadCount>
  <trimStackTrace default-value="true">${trimStackTrace}</trimStackTrace>
  <useFile default-value="true">${surefire.useFile}</useFile>
  <useManifestOnlyJar default-value="true">${surefire.useManifestOnlyJar}</useManifestOnlyJar>
  <useSystemClassLoader default-value="true">${surefire.useSystemClassLoader}</useSystemClassLoader>
  <useUnlimitedThreads default-value="false">${useUnlimitedThreads}</useUnlimitedThreads>
  <workingDirectory>${basedir}</workingDirectory>
  <project default-value="${project}"/>
  <session default-value="${session}"/>
</configuration>
[DEBUG] -----------------------------------------------------------------------
[DEBUG] Goal:          org.apache.maven.plugins:maven-jar-plugin:2.4:jar (default-jar)
[DEBUG] Style:         Regular
[DEBUG] Configuration: <?xml version="1.0" encoding="UTF-8"?>
<configuration>
  <classesDirectory default-value="${project.build.outputDirectory}"/>
  <defaultManifestFile default-value="${project.build.outputDirectory}/META-INF/MANIFEST.MF"/>
  <finalName default-value="${project.build.finalName}">${jar.finalName}</finalName>
  <forceCreation default-value="false">${jar.forceCreation}</forceCreation>
  <outputDirectory default-value="${project.build.directory}"/>
  <project default-value="${project}"/>
  <session default-value="${session}"/>
  <skipIfEmpty default-value="false">${jar.skipIfEmpty}</skipIfEmpty>
  <useDefaultManifestFile default-value="false">${jar.useDefaultManifestFile}</useDefaultManifestFile>
</configuration>
[DEBUG] =======================================================================
[DEBUG] Dependency collection stats {ConflictMarker.analyzeTime=343700, ConflictMarker.markTime=102300, ConflictMarker.nodeCount=3, ConflictIdSorter.graphTime=190600, ConflictIdSorter.topsortTime=168300, ConflictIdSorter.conflictIdCount=2, ConflictIdSorter.conflictIdCycleCount=0, ConflictResolver.totalTime=1411200, ConflictResolver.conflictItemCount=2, DefaultDependencyCollector.collectTime=5296400, DefaultDependencyCollector.transformTime=3130600}
[DEBUG] com.camcar.appdesktopui:app-desktop-ui:jar:1.0
[DEBUG]    com.camcar.buscoreapi:bus-core-api:jar:1.0-SNAPSHOT:system
[DEBUG]    junit:junit:jar:3.8.1:test
[INFO] 
[INFO] --- maven-resources-plugin:2.6:resources (default-resources) @ app-desktop-ui ---
[DEBUG] Using mirror maven-default-http-blocker (http://0.0.0.0/) for apache.snapshots (http://people.apache.org/repo/m2-snapshot-repository).
[DEBUG] Using mirror maven-default-http-blocker (http://0.0.0.0/) for codehaus.snapshots (http://snapshots.repository.codehaus.org).
[DEBUG] Using mirror maven-default-http-blocker (http://0.0.0.0/) for snapshots (http://snapshots.maven.codehaus.org/maven2).
[DEBUG] Using mirror maven-default-http-blocker (http://0.0.0.0/) for central (http://repo1.maven.org/maven2).
[DEBUG] Dependency collection stats {ConflictMarker.analyzeTime=274400, ConflictMarker.markTime=155300, ConflictMarker.nodeCount=77, ConflictIdSorter.graphTime=201800, ConflictIdSorter.topsortTime=28000, ConflictIdSorter.conflictIdCount=26, ConflictIdSorter.conflictIdCycleCount=0, ConflictResolver.totalTime=1617800, ConflictResolver.conflictItemCount=74, DefaultDependencyCollector.collectTime=108373900, DefaultDependencyCollector.transformTime=2345500}
[DEBUG] org.apache.maven.plugins:maven-resources-plugin:jar:2.6
[DEBUG]    org.apache.maven:maven-plugin-api:jar:2.0.6:compile
[DEBUG]    org.apache.maven:maven-project:jar:2.0.6:compile
[DEBUG]       org.apache.maven:maven-profile:jar:2.0.6:compile
[DEBUG]       org.apache.maven:maven-artifact-manager:jar:2.0.6:compile
[DEBUG]       org.apache.maven:maven-plugin-registry:jar:2.0.6:compile
[DEBUG]    org.apache.maven:maven-core:jar:2.0.6:compile
[DEBUG]       org.apache.maven:maven-plugin-parameter-documenter:jar:2.0.6:compile
[DEBUG]       org.apache.maven.reporting:maven-reporting-api:jar:2.0.6:compile
[DEBUG]          org.apache.maven.doxia:doxia-sink-api:jar:1.0-alpha-7:compile
[DEBUG]       org.apache.maven:maven-repository-metadata:jar:2.0.6:compile
[DEBUG]       org.apache.maven:maven-error-diagnostics:jar:2.0.6:compile
[DEBUG]       commons-cli:commons-cli:jar:1.0:compile
[DEBUG]       org.apache.maven:maven-plugin-descriptor:jar:2.0.6:compile
[DEBUG]       org.codehaus.plexus:plexus-interactivity-api:jar:1.0-alpha-4:compile
[DEBUG]       classworlds:classworlds:jar:1.1:compile
[DEBUG]    org.apache.maven:maven-artifact:jar:2.0.6:compile
[DEBUG]    org.apache.maven:maven-settings:jar:2.0.6:compile
[DEBUG]    org.apache.maven:maven-model:jar:2.0.6:compile
[DEBUG]    org.apache.maven:maven-monitor:jar:2.0.6:compile
[DEBUG]    org.codehaus.plexus:plexus-container-default:jar:1.0-alpha-9-stable-1:compile
[DEBUG]       junit:junit:jar:3.8.1:compile
[DEBUG]    org.codehaus.plexus:plexus-utils:jar:2.0.5:compile
[DEBUG]    org.apache.maven.shared:maven-filtering:jar:1.1:compile
[DEBUG]       org.sonatype.plexus:plexus-build-api:jar:0.0.4:compile
[DEBUG]    org.codehaus.plexus:plexus-interpolation:jar:1.13:compile
[DEBUG] Created new class realm plugin>org.apache.maven.plugins:maven-resources-plugin:2.6
[DEBUG] Importing foreign packages into class realm plugin>org.apache.maven.plugins:maven-resources-plugin:2.6
[DEBUG]   Imported:  < maven.api
[DEBUG] Populating class realm plugin>org.apache.maven.plugins:maven-resources-plugin:2.6
[DEBUG]   Included: org.apache.maven.plugins:maven-resources-plugin:jar:2.6
[DEBUG]   Included: org.apache.maven.reporting:maven-reporting-api:jar:2.0.6
[DEBUG]   Included: org.apache.maven.doxia:doxia-sink-api:jar:1.0-alpha-7
[DEBUG]   Included: commons-cli:commons-cli:jar:1.0
[DEBUG]   Included: org.codehaus.plexus:plexus-interactivity-api:jar:1.0-alpha-4
[DEBUG]   Included: junit:junit:jar:3.8.1
[DEBUG]   Included: org.codehaus.plexus:plexus-utils:jar:2.0.5
[DEBUG]   Included: org.apache.maven.shared:maven-filtering:jar:1.1
[DEBUG]   Included: org.sonatype.plexus:plexus-build-api:jar:0.0.4
[DEBUG]   Included: org.codehaus.plexus:plexus-interpolation:jar:1.13
[DEBUG] Configuring mojo org.apache.maven.plugins:maven-resources-plugin:2.6:resources from plugin realm ClassRealm[plugin>org.apache.maven.plugins:maven-resources-plugin:2.6, parent: jdk.internal.loader.ClassLoaders$AppClassLoader@73d16e93]
[DEBUG] Configuring mojo 'org.apache.maven.plugins:maven-resources-plugin:2.6:resources' with basic configurator -->
[DEBUG]   (f) buildFilters = []
[DEBUG]   (f) encoding = UTF-8
[DEBUG]   (f) escapeWindowsPaths = true
[DEBUG]   (s) includeEmptyDirs = false
[DEBUG]   (s) outputDirectory = C:\Users\cristian.cardozo\Documents\UGlobant\MVN\bus-core-api\src\it\app-desktop-ui\target\classes
[DEBUG]   (s) overwrite = false
[DEBUG]   (f) project = MavenProject: com.camcar.appdesktopui:app-desktop-ui:1.0 @ C:\Users\cristian.cardozo\Documents\UGlobant\MVN\bus-core-api\src\it\app-desktop-ui\interpolated-pom.xml
[DEBUG]   (s) resources = [Resource {targetPath: null, filtering: false, FileSet {directory: C:\Users\cristian.cardozo\Documents\UGlobant\MVN\bus-core-api\src\it\app-desktop-ui\src\main\resources, PatternSet [includes: {}, excludes: {}]}}]
[DEBUG]   (f) session = org.apache.maven.execution.MavenSession@7a344b65
[DEBUG]   (f) supportMultiLineFiltering = false
[DEBUG]   (f) useBuildFilters = true
[DEBUG]   (s) useDefaultDelimiters = true
[DEBUG] -- end configuration --
[DEBUG] properties used {env.NUMBER_OF_PROCESSORS=8, env.USERPROFILE=C:\Users\cristian.cardozo, java.specification.version=17, sun.cpu.isalist=amd64, sun.arch.data.model=64, env.PROGRAMW6432=C:\Program Files, java.vendor.url=https://java.oracle.com/, env.OS=Windows_NT, sun.boot.library.path=C:\Program Files\Java\jdk-17.0.2\bin, sun.java.command=org.codehaus.plexus.classworlds.launcher.Launcher -B -X -D maven.repo.local=C:\Users\cristian.cardozo\.m2\repository -f interpolated-pom.xml -s C:\Users\cristian.cardozo\AppData\Local\Temp\invoker-settings15238228258870042147.xml package, env.SYSTEMROOT=C:\windows, jdk.debug=release, maven.version=3.8.4, java.specification.vendor=Oracle Corporation, java.version.date=2022-01-18, java.home=C:\Program Files\Java\jdk-17.0.2, env.POM_DIR=C:\Users\cristian.cardozo\Documents\UGlobant\MVN\bus-core-api\src\it\app-desktop-ui, java.vm.specification.vendor=Oracle Corporation, java.specification.name=Java Platform API Specification, env.LOCALAPPDATA=C:\Users\cristian.cardozo\AppData\Local, env.USERDOMAIN_ROAMINGPROFILE=GLOBANT, user.script=, sun.management.compiler=HotSpot 64-Bit Tiered Compilers, java.runtime.version=17.0.2+8-LTS-86, env.PATH=C:\Program Files\Common Files\Oracle\Java\javapath;C:\windows\system32;C:\windows;C:\windows\System32\Wbem;C:\windows\System32\WindowsPowerShell\v1.0\;C:\windows\System32\OpenSSH\;C:\Program Files\Apache Software Foundation\apache-maven-3.8.4\BIN;%env%;C:\Users\cristian.cardozo\AppData\Local\Microsoft\WindowsApps;, env.PUBLIC=C:\Users\Public, env.EXEC_DIR=C:\Users\cristian.cardozo\Documents\UGlobant\MVN\bus-core-api\src\it\app-desktop-ui, env.COMMONPROGRAMW6432=C:\Program Files\Common Files, file.encoding=Cp1252, env.COMPUTERNAME=DESKTOP-HVA37RA, env.HOMEPATH=\Users\cristian.cardozo, env.APPDATA=C:\Users\cristian.cardozo\AppData\Roaming, java.io.tmpdir=C:\Users\CRISTI~1.CAR\AppData\Local\Temp\, java.version=17.0.2, java.vm.specification.name=Java Virtual Machine Specification, native.encoding=Cp1252, java.library.path=C:\Program Files\Java\jdk-17.0.2\bin;C:\windows\Sun\Java\bin;C:\windows\system32;C:\windows;C:\Program Files\Common Files\Oracle\Java\javapath;C:\windows\system32;C:\windows;C:\windows\System32\Wbem;C:\windows\System32\WindowsPowerShell\v1.0\;C:\windows\System32\OpenSSH\;C:\Program Files\Apache Software Foundation\apache-maven-3.8.4\BIN;%env%;C:\Users\cristian.cardozo\AppData\Local\Microsoft\WindowsApps;;., java.vendor=Oracle Corporation, env.ERROR_CODE=0, classworlds.conf=C:\Program Files\Apache Software Foundation\apache-maven-3.8.4\bin\m2.conf, sun.io.unicode.encoding=UnicodeLittle, java.vm.specification.version=17, os.name=Windows 10, env.=EXITCODE=00000000, env.=::=::\, maven.compiler.source=17, user.home=C:\Users\cristian.cardozo, env.ALLUSERSPROFILE=C:\ProgramData, env.SESSIONNAME=Console, env.FILE_ARG=interpolated-pom.xml, env.M2=C:\Program Files\Apache Software Foundation\apache-maven-3.8.4\BIN, path.separator=;, os.version=10.0, env.CLASSWORLDS_LAUNCHER=org.codehaus.plexus.classworlds.launcher.Launcher, env.PATHEXT=.COM;.EXE;.BAT;.CMD;.VBS;.VBE;.JS;.JSE;.WSF;.WSH;.MSC, java.vm.name=Java HotSpot(TM) 64-Bit Server VM, env.M2_HOME=C:\Program Files\Apache Software Foundation\apache-maven-3.8.4, env.USERNAME=cristian.cardozo, os.arch=amd64, maven.multiModuleProjectDirectory=C:\Users\cristian.cardozo\Documents\UGlobant\MVN\bus-core-api\src\it\app-desktop-ui, env.MAVEN_PROJECTBASEDIR=C:\Users\cristian.cardozo\Documents\UGlobant\MVN\bus-core-api\src\it\app-desktop-ui, java.vm.info=mixed mode, sharing, env.FPS_BROWSER_USER_PROFILE_STRING=Default, env.TEMP=C:\Users\CRISTI~1.CAR\AppData\Local\Temp, java.class.version=61.0, env.ONEDRIVE=C:\Users\cristian.cardozo\OneDrive, sun.jnu.encoding=Cp1252, env.FPS_BROWSER_APP_PROFILE_STRING=Internet Explorer, maven.build.version=Apache Maven 3.8.4 (9b656c72d54e5bacbed989b64718c159fe39b537), maven.home=C:\Program Files\Apache Software Foundation\apache-maven-3.8.4, env.JAVA_HOME=C:\Program Files\Java\jdk-17.0.2, env.PROGRAMFILES=C:\Program Files, file.separator=\, java.vm.compressedOopsMode=32-bit, env.CLASSWORLDS_JAR="C:\Program Files\Apache Software Foundation\apache-maven-3.8.4\boot\plexus-classworlds-2.6.0.jar", line.separator=
, env.PROMPT=$P$G, env.PROCESSOR_REVISION=8c01, env.PROCESSOR_IDENTIFIER=Intel64 Family 6 Model 140 Stepping 1, GenuineIntel, env.PROGRAMDATA=C:\ProgramData, user.name=cristian.cardozo, env.MAVEN_TERMINATE_CMD=on, env.DRIVERDATA=C:\Windows\System32\Drivers\DriverData, env.SYSTEMDRIVE=C:, env.JVMCONFIG=\.mvn\jvm.config, env.PROGRAMFILES(X86)=C:\Program Files (x86), env.PROCESSOR_LEVEL=6, env.HOMEDRIVE=C:, env.PSMODULEPATH=C:\Program Files\WindowsPowerShell\Modules;C:\windows\system32\WindowsPowerShell\v1.0\Modules, env.TMP=C:\Users\CRISTI~1.CAR\AppData\Local\Temp, sun.os.patch.level=, maven.compiler.target=17, env.LOGONSERVER=\\DESKTOP-HVA37RA, library.jansi.path=C:\Program Files\Apache Software Foundation\apache-maven-3.8.4\lib\jansi-native, maven.repo.local=C:\Users\cristian.cardozo\.m2\repository, env.WINDIR=C:\windows, env.MAVEN_OPTS=-Xms256m -Xmx512m, env.USERDNSDOMAIN=globant.com, java.class.path=C:\Program Files\Apache Software Foundation\apache-maven-3.8.4\boot\plexus-classworlds-2.6.0.jar, java.vm.vendor=Oracle Corporation, env.PROCESSOR_ARCHITECTURE=AMD64, user.variant=, env.COMMONPROGRAMFILES=C:\Program Files\Common Files, maven.conf=C:\Program Files\Apache Software Foundation\apache-maven-3.8.4/conf, sun.java.launcher=SUN_STANDARD, user.country=US, env.USERDOMAIN=GLOBANT, env.COMSPEC=C:\windows\system32\cmd.exe, sun.cpu.endian=little, user.language=en, env.__PSLOCKDOWNPOLICY=0, env.JAVACMD=C:\Program Files\Java\jdk-17.0.2\bin\java.exe, env.PROFILE=test, env.MAVEN_HOME=C:\Program Files\Apache Software Foundation\apache-maven-3.8.4, env.WDIR=C:\, env.=C:=C:\Users\cristian.cardozo\Documents\UGlobant\MVN\bus-core-api\src\it\app-desktop-ui, java.runtime.name=Java(TM) SE Runtime Environment, project.build.sourceEncoding=UTF-8, env.COMMONPROGRAMFILES(X86)=C:\Program Files (x86)\Common Files, env.ZES_ENABLE_SYSMAN=1, env.MAVEN_CMD_LINE_ARGS=-B -X -D maven.repo.local=C:\Users\cristian.cardozo\.m2\repository -f interpolated-pom.xml -s C:\Users\cristian.cardozo\AppData\Local\Temp\invoker-settings15238228258870042147.xml package, java.vendor.url.bug=https://bugreport.java.com/bugreport/, user.dir=C:\Users\cristian.cardozo\Documents\UGlobant\MVN\bus-core-api\src\it\app-desktop-ui, java.vm.version=17.0.2+8-LTS-86}
[INFO] Using 'UTF-8' encoding to copy filtered resources.
[DEBUG] resource with targetPath null
directory C:\Users\cristian.cardozo\Documents\UGlobant\MVN\bus-core-api\src\it\app-desktop-ui\src\main\resources
excludes []
includes []
[INFO] skip non existing resourceDirectory C:\Users\cristian.cardozo\Documents\UGlobant\MVN\bus-core-api\src\it\app-desktop-ui\src\main\resources
[DEBUG] no use filter components
[INFO] 
[INFO] --- maven-compiler-plugin:3.1:compile (default-compile) @ app-desktop-ui ---
[DEBUG] Using mirror maven-default-http-blocker (http://0.0.0.0/) for apache-snapshots (http://people.apache.org/repo/m2-snapshot-repository).
[DEBUG] Dependency collection stats {ConflictMarker.analyzeTime=444200, ConflictMarker.markTime=165500, ConflictMarker.nodeCount=160, ConflictIdSorter.graphTime=109900, ConflictIdSorter.topsortTime=33300, ConflictIdSorter.conflictIdCount=43, ConflictIdSorter.conflictIdCycleCount=0, ConflictResolver.totalTime=1453400, ConflictResolver.conflictItemCount=63, DefaultDependencyCollector.collectTime=181299700, DefaultDependencyCollector.transformTime=2229000}
[DEBUG] org.apache.maven.plugins:maven-compiler-plugin:jar:3.1
[DEBUG]    org.apache.maven:maven-plugin-api:jar:2.0.9:compile
[DEBUG]    org.apache.maven:maven-artifact:jar:2.0.9:compile
[DEBUG]       org.codehaus.plexus:plexus-utils:jar:1.5.1:compile
[DEBUG]    org.apache.maven:maven-core:jar:2.0.9:compile
[DEBUG]       org.apache.maven:maven-settings:jar:2.0.9:compile
[DEBUG]       org.apache.maven:maven-plugin-parameter-documenter:jar:2.0.9:compile
[DEBUG]       org.apache.maven:maven-profile:jar:2.0.9:compile
[DEBUG]       org.apache.maven:maven-model:jar:2.0.9:compile
[DEBUG]       org.apache.maven:maven-repository-metadata:jar:2.0.9:compile
[DEBUG]       org.apache.maven:maven-error-diagnostics:jar:2.0.9:compile
[DEBUG]       org.apache.maven:maven-project:jar:2.0.9:compile
[DEBUG]          org.apache.maven:maven-plugin-registry:jar:2.0.9:compile
[DEBUG]       org.apache.maven:maven-plugin-descriptor:jar:2.0.9:compile
[DEBUG]       org.apache.maven:maven-artifact-manager:jar:2.0.9:compile
[DEBUG]       org.apache.maven:maven-monitor:jar:2.0.9:compile
[DEBUG]    org.apache.maven:maven-toolchain:jar:1.0:compile
[DEBUG]    org.apache.maven.shared:maven-shared-utils:jar:0.1:compile
[DEBUG]       com.google.code.findbugs:jsr305:jar:2.0.1:compile
[DEBUG]    org.apache.maven.shared:maven-shared-incremental:jar:1.1:compile
[DEBUG]       org.codehaus.plexus:plexus-component-annotations:jar:1.5.5:compile (version managed from default)
[DEBUG]    org.codehaus.plexus:plexus-compiler-api:jar:2.2:compile
[DEBUG]    org.codehaus.plexus:plexus-compiler-manager:jar:2.2:compile
[DEBUG]    org.codehaus.plexus:plexus-compiler-javac:jar:2.2:runtime
[DEBUG]    org.codehaus.plexus:plexus-container-default:jar:1.5.5:compile
[DEBUG]       org.codehaus.plexus:plexus-classworlds:jar:2.2.2:compile
[DEBUG]       org.apache.xbean:xbean-reflect:jar:3.4:compile
[DEBUG]          log4j:log4j:jar:1.2.12:compile
[DEBUG]          commons-logging:commons-logging-api:jar:1.1:compile
[DEBUG]       com.google.collections:google-collections:jar:1.0:compile
[DEBUG]       junit:junit:jar:3.8.2:compile
[DEBUG] Created new class realm plugin>org.apache.maven.plugins:maven-compiler-plugin:3.1
[DEBUG] Importing foreign packages into class realm plugin>org.apache.maven.plugins:maven-compiler-plugin:3.1
[DEBUG]   Imported:  < maven.api
[DEBUG] Populating class realm plugin>org.apache.maven.plugins:maven-compiler-plugin:3.1
[DEBUG]   Included: org.apache.maven.plugins:maven-compiler-plugin:jar:3.1
[DEBUG]   Included: org.codehaus.plexus:plexus-utils:jar:1.5.1
[DEBUG]   Included: org.apache.maven.shared:maven-shared-utils:jar:0.1
[DEBUG]   Included: com.google.code.findbugs:jsr305:jar:2.0.1
[DEBUG]   Included: org.apache.maven.shared:maven-shared-incremental:jar:1.1
[DEBUG]   Included: org.codehaus.plexus:plexus-component-annotations:jar:1.5.5
[DEBUG]   Included: org.codehaus.plexus:plexus-compiler-api:jar:2.2
[DEBUG]   Included: org.codehaus.plexus:plexus-compiler-manager:jar:2.2
[DEBUG]   Included: org.codehaus.plexus:plexus-compiler-javac:jar:2.2
[DEBUG]   Included: org.apache.xbean:xbean-reflect:jar:3.4
[DEBUG]   Included: log4j:log4j:jar:1.2.12
[DEBUG]   Included: commons-logging:commons-logging-api:jar:1.1
[DEBUG]   Included: com.google.collections:google-collections:jar:1.0
[DEBUG]   Included: junit:junit:jar:3.8.2
[DEBUG] Configuring mojo org.apache.maven.plugins:maven-compiler-plugin:3.1:compile from plugin realm ClassRealm[plugin>org.apache.maven.plugins:maven-compiler-plugin:3.1, parent: jdk.internal.loader.ClassLoaders$AppClassLoader@73d16e93]
[DEBUG] Configuring mojo 'org.apache.maven.plugins:maven-compiler-plugin:3.1:compile' with basic configurator -->
[DEBUG]   (f) basedir = C:\Users\cristian.cardozo\Documents\UGlobant\MVN\bus-core-api\src\it\app-desktop-ui
[DEBUG]   (f) buildDirectory = C:\Users\cristian.cardozo\Documents\UGlobant\MVN\bus-core-api\src\it\app-desktop-ui\target
[DEBUG]   (f) classpathElements = [C:\Users\cristian.cardozo\Documents\UGlobant\MVN\bus-core-api\src\it\app-desktop-ui\target\classes, C:\Users\cristian.cardozo\Documents\UGlobant\MVN\bus-core-api\target\bus-core-api-1.0-SNAPSHOT.jar]
[DEBUG]   (f) compileSourceRoots = [C:\Users\cristian.cardozo\Documents\UGlobant\MVN\bus-core-api\src\it\app-desktop-ui\src\main\java]
[DEBUG]   (f) compilerId = javac
[DEBUG]   (f) debug = true
[DEBUG]   (f) encoding = UTF-8
[DEBUG]   (f) failOnError = true
[DEBUG]   (f) forceJavacCompilerUse = false
[DEBUG]   (f) fork = false
[DEBUG]   (f) generatedSourcesDirectory = C:\Users\cristian.cardozo\Documents\UGlobant\MVN\bus-core-api\src\it\app-desktop-ui\target\generated-sources\annotations
[DEBUG]   (f) mojoExecution = org.apache.maven.plugins:maven-compiler-plugin:3.1:compile {execution: default-compile}
[DEBUG]   (f) optimize = false
[DEBUG]   (f) outputDirectory = C:\Users\cristian.cardozo\Documents\UGlobant\MVN\bus-core-api\src\it\app-desktop-ui\target\classes
[DEBUG]   (f) projectArtifact = com.camcar.appdesktopui:app-desktop-ui:jar:1.0
[DEBUG]   (f) showDeprecation = false
[DEBUG]   (f) showWarnings = false
[DEBUG]   (f) skipMultiThreadWarning = false
[DEBUG]   (f) source = 17
[DEBUG]   (f) staleMillis = 0
[DEBUG]   (f) target = 17
[DEBUG]   (f) useIncrementalCompilation = true
[DEBUG]   (f) verbose = false
[DEBUG]   (f) mavenSession = org.apache.maven.execution.MavenSession@7a344b65
[DEBUG]   (f) session = org.apache.maven.execution.MavenSession@7a344b65
[DEBUG] -- end configuration --
[DEBUG] Using compiler 'javac'.
[DEBUG] Source directories: [C:\Users\cristian.cardozo\Documents\UGlobant\MVN\bus-core-api\src\it\app-desktop-ui\src\main\java]
[DEBUG] Classpath: [C:\Users\cristian.cardozo\Documents\UGlobant\MVN\bus-core-api\src\it\app-desktop-ui\target\classes
 C:\Users\cristian.cardozo\Documents\UGlobant\MVN\bus-core-api\target\bus-core-api-1.0-SNAPSHOT.jar]
[DEBUG] Output directory: C:\Users\cristian.cardozo\Documents\UGlobant\MVN\bus-core-api\src\it\app-desktop-ui\target\classes
[DEBUG] CompilerReuseStrategy: reuseCreated
[DEBUG] useIncrementalCompilation enabled
[DEBUG] Stale source detected: C:\Users\cristian.cardozo\Documents\UGlobant\MVN\bus-core-api\src\it\app-desktop-ui\src\main\java\com\camcar\appdesktopui\App.java
[INFO] Changes detected - recompiling the module!
[DEBUG] Classpath:
[DEBUG]  C:\Users\cristian.cardozo\Documents\UGlobant\MVN\bus-core-api\src\it\app-desktop-ui\target\classes
[DEBUG]  C:\Users\cristian.cardozo\Documents\UGlobant\MVN\bus-core-api\target\bus-core-api-1.0-SNAPSHOT.jar
[DEBUG] Source roots:
[DEBUG]  C:\Users\cristian.cardozo\Documents\UGlobant\MVN\bus-core-api\src\it\app-desktop-ui\src\main\java
[DEBUG] Command line options:
[DEBUG] -d C:\Users\cristian.cardozo\Documents\UGlobant\MVN\bus-core-api\src\it\app-desktop-ui\target\classes -classpath C:\Users\cristian.cardozo\Documents\UGlobant\MVN\bus-core-api\src\it\app-desktop-ui\target\classes;C:\Users\cristian.cardozo\Documents\UGlobant\MVN\bus-core-api\target\bus-core-api-1.0-SNAPSHOT.jar; -sourcepath C:\Users\cristian.cardozo\Documents\UGlobant\MVN\bus-core-api\src\it\app-desktop-ui\src\main\java; -s C:\Users\cristian.cardozo\Documents\UGlobant\MVN\bus-core-api\src\it\app-desktop-ui\target\generated-sources\annotations -g -nowarn -target 17 -source 17 -encoding UTF-8
[DEBUG] incrementalBuildHelper#beforeRebuildExecution
[INFO] Compiling 1 source file to C:\Users\cristian.cardozo\Documents\UGlobant\MVN\bus-core-api\src\it\app-desktop-ui\target\classes
[DEBUG] incrementalBuildHelper#afterRebuildExecution
[INFO] 
[INFO] --- maven-resources-plugin:2.6:testResources (default-testResources) @ app-desktop-ui ---
[DEBUG] Configuring mojo org.apache.maven.plugins:maven-resources-plugin:2.6:testResources from plugin realm ClassRealm[plugin>org.apache.maven.plugins:maven-resources-plugin:2.6, parent: jdk.internal.loader.ClassLoaders$AppClassLoader@73d16e93]
[DEBUG] Configuring mojo 'org.apache.maven.plugins:maven-resources-plugin:2.6:testResources' with basic configurator -->
[DEBUG]   (f) buildFilters = []
[DEBUG]   (f) encoding = UTF-8
[DEBUG]   (f) escapeWindowsPaths = true
[DEBUG]   (s) includeEmptyDirs = false
[DEBUG]   (s) outputDirectory = C:\Users\cristian.cardozo\Documents\UGlobant\MVN\bus-core-api\src\it\app-desktop-ui\target\test-classes
[DEBUG]   (s) overwrite = false
[DEBUG]   (f) project = MavenProject: com.camcar.appdesktopui:app-desktop-ui:1.0 @ C:\Users\cristian.cardozo\Documents\UGlobant\MVN\bus-core-api\src\it\app-desktop-ui\interpolated-pom.xml
[DEBUG]   (s) resources = [Resource {targetPath: null, filtering: false, FileSet {directory: C:\Users\cristian.cardozo\Documents\UGlobant\MVN\bus-core-api\src\it\app-desktop-ui\src\test\resources, PatternSet [includes: {}, excludes: {}]}}]
[DEBUG]   (f) session = org.apache.maven.execution.MavenSession@7a344b65
[DEBUG]   (f) supportMultiLineFiltering = false
[DEBUG]   (f) useBuildFilters = true
[DEBUG]   (s) useDefaultDelimiters = true
[DEBUG] -- end configuration --
[DEBUG] properties used {env.NUMBER_OF_PROCESSORS=8, env.USERPROFILE=C:\Users\cristian.cardozo, java.specification.version=17, sun.cpu.isalist=amd64, sun.arch.data.model=64, env.PROGRAMW6432=C:\Program Files, java.vendor.url=https://java.oracle.com/, env.OS=Windows_NT, sun.boot.library.path=C:\Program Files\Java\jdk-17.0.2\bin, sun.java.command=org.codehaus.plexus.classworlds.launcher.Launcher -B -X -D maven.repo.local=C:\Users\cristian.cardozo\.m2\repository -f interpolated-pom.xml -s C:\Users\cristian.cardozo\AppData\Local\Temp\invoker-settings15238228258870042147.xml package, env.SYSTEMROOT=C:\windows, jdk.debug=release, maven.version=3.8.4, java.specification.vendor=Oracle Corporation, java.version.date=2022-01-18, java.home=C:\Program Files\Java\jdk-17.0.2, env.POM_DIR=C:\Users\cristian.cardozo\Documents\UGlobant\MVN\bus-core-api\src\it\app-desktop-ui, java.vm.specification.vendor=Oracle Corporation, java.specification.name=Java Platform API Specification, env.LOCALAPPDATA=C:\Users\cristian.cardozo\AppData\Local, env.USERDOMAIN_ROAMINGPROFILE=GLOBANT, user.script=, sun.management.compiler=HotSpot 64-Bit Tiered Compilers, java.runtime.version=17.0.2+8-LTS-86, env.PATH=C:\Program Files\Common Files\Oracle\Java\javapath;C:\windows\system32;C:\windows;C:\windows\System32\Wbem;C:\windows\System32\WindowsPowerShell\v1.0\;C:\windows\System32\OpenSSH\;C:\Program Files\Apache Software Foundation\apache-maven-3.8.4\BIN;%env%;C:\Users\cristian.cardozo\AppData\Local\Microsoft\WindowsApps;, env.PUBLIC=C:\Users\Public, env.EXEC_DIR=C:\Users\cristian.cardozo\Documents\UGlobant\MVN\bus-core-api\src\it\app-desktop-ui, env.COMMONPROGRAMW6432=C:\Program Files\Common Files, file.encoding=Cp1252, env.COMPUTERNAME=DESKTOP-HVA37RA, env.HOMEPATH=\Users\cristian.cardozo, env.APPDATA=C:\Users\cristian.cardozo\AppData\Roaming, java.io.tmpdir=C:\Users\CRISTI~1.CAR\AppData\Local\Temp\, java.version=17.0.2, java.vm.specification.name=Java Virtual Machine Specification, native.encoding=Cp1252, java.library.path=C:\Program Files\Java\jdk-17.0.2\bin;C:\windows\Sun\Java\bin;C:\windows\system32;C:\windows;C:\Program Files\Common Files\Oracle\Java\javapath;C:\windows\system32;C:\windows;C:\windows\System32\Wbem;C:\windows\System32\WindowsPowerShell\v1.0\;C:\windows\System32\OpenSSH\;C:\Program Files\Apache Software Foundation\apache-maven-3.8.4\BIN;%env%;C:\Users\cristian.cardozo\AppData\Local\Microsoft\WindowsApps;;., java.vendor=Oracle Corporation, env.ERROR_CODE=0, classworlds.conf=C:\Program Files\Apache Software Foundation\apache-maven-3.8.4\bin\m2.conf, sun.io.unicode.encoding=UnicodeLittle, java.vm.specification.version=17, os.name=Windows 10, env.=EXITCODE=00000000, env.=::=::\, maven.compiler.source=17, user.home=C:\Users\cristian.cardozo, env.ALLUSERSPROFILE=C:\ProgramData, env.SESSIONNAME=Console, env.FILE_ARG=interpolated-pom.xml, env.M2=C:\Program Files\Apache Software Foundation\apache-maven-3.8.4\BIN, path.separator=;, os.version=10.0, env.CLASSWORLDS_LAUNCHER=org.codehaus.plexus.classworlds.launcher.Launcher, env.PATHEXT=.COM;.EXE;.BAT;.CMD;.VBS;.VBE;.JS;.JSE;.WSF;.WSH;.MSC, java.vm.name=Java HotSpot(TM) 64-Bit Server VM, env.M2_HOME=C:\Program Files\Apache Software Foundation\apache-maven-3.8.4, env.USERNAME=cristian.cardozo, os.arch=amd64, maven.multiModuleProjectDirectory=C:\Users\cristian.cardozo\Documents\UGlobant\MVN\bus-core-api\src\it\app-desktop-ui, env.MAVEN_PROJECTBASEDIR=C:\Users\cristian.cardozo\Documents\UGlobant\MVN\bus-core-api\src\it\app-desktop-ui, java.vm.info=mixed mode, sharing, env.FPS_BROWSER_USER_PROFILE_STRING=Default, env.TEMP=C:\Users\CRISTI~1.CAR\AppData\Local\Temp, java.class.version=61.0, env.ONEDRIVE=C:\Users\cristian.cardozo\OneDrive, sun.jnu.encoding=Cp1252, env.FPS_BROWSER_APP_PROFILE_STRING=Internet Explorer, maven.build.version=Apache Maven 3.8.4 (9b656c72d54e5bacbed989b64718c159fe39b537), maven.home=C:\Program Files\Apache Software Foundation\apache-maven-3.8.4, env.JAVA_HOME=C:\Program Files\Java\jdk-17.0.2, env.PROGRAMFILES=C:\Program Files, file.separator=\, java.vm.compressedOopsMode=32-bit, env.CLASSWORLDS_JAR="C:\Program Files\Apache Software Foundation\apache-maven-3.8.4\boot\plexus-classworlds-2.6.0.jar", line.separator=
, env.PROMPT=$P$G, env.PROCESSOR_REVISION=8c01, env.PROCESSOR_IDENTIFIER=Intel64 Family 6 Model 140 Stepping 1, GenuineIntel, env.PROGRAMDATA=C:\ProgramData, user.name=cristian.cardozo, env.MAVEN_TERMINATE_CMD=on, env.DRIVERDATA=C:\Windows\System32\Drivers\DriverData, env.SYSTEMDRIVE=C:, env.JVMCONFIG=\.mvn\jvm.config, env.PROGRAMFILES(X86)=C:\Program Files (x86), env.PROCESSOR_LEVEL=6, env.HOMEDRIVE=C:, env.PSMODULEPATH=C:\Program Files\WindowsPowerShell\Modules;C:\windows\system32\WindowsPowerShell\v1.0\Modules, env.TMP=C:\Users\CRISTI~1.CAR\AppData\Local\Temp, sun.os.patch.level=, maven.compiler.target=17, env.LOGONSERVER=\\DESKTOP-HVA37RA, library.jansi.path=C:\Program Files\Apache Software Foundation\apache-maven-3.8.4\lib\jansi-native, maven.repo.local=C:\Users\cristian.cardozo\.m2\repository, env.WINDIR=C:\windows, env.MAVEN_OPTS=-Xms256m -Xmx512m, env.USERDNSDOMAIN=globant.com, java.class.path=C:\Program Files\Apache Software Foundation\apache-maven-3.8.4\boot\plexus-classworlds-2.6.0.jar, java.vm.vendor=Oracle Corporation, env.PROCESSOR_ARCHITECTURE=AMD64, user.variant=, env.COMMONPROGRAMFILES=C:\Program Files\Common Files, maven.conf=C:\Program Files\Apache Software Foundation\apache-maven-3.8.4/conf, sun.java.launcher=SUN_STANDARD, user.country=US, env.USERDOMAIN=GLOBANT, env.COMSPEC=C:\windows\system32\cmd.exe, sun.cpu.endian=little, user.language=en, env.__PSLOCKDOWNPOLICY=0, env.JAVACMD=C:\Program Files\Java\jdk-17.0.2\bin\java.exe, env.PROFILE=test, env.MAVEN_HOME=C:\Program Files\Apache Software Foundation\apache-maven-3.8.4, env.WDIR=C:\, env.=C:=C:\Users\cristian.cardozo\Documents\UGlobant\MVN\bus-core-api\src\it\app-desktop-ui, java.runtime.name=Java(TM) SE Runtime Environment, project.build.sourceEncoding=UTF-8, env.COMMONPROGRAMFILES(X86)=C:\Program Files (x86)\Common Files, env.ZES_ENABLE_SYSMAN=1, env.MAVEN_CMD_LINE_ARGS=-B -X -D maven.repo.local=C:\Users\cristian.cardozo\.m2\repository -f interpolated-pom.xml -s C:\Users\cristian.cardozo\AppData\Local\Temp\invoker-settings15238228258870042147.xml package, java.vendor.url.bug=https://bugreport.java.com/bugreport/, user.dir=C:\Users\cristian.cardozo\Documents\UGlobant\MVN\bus-core-api\src\it\app-desktop-ui, java.vm.version=17.0.2+8-LTS-86}
[INFO] Using 'UTF-8' encoding to copy filtered resources.
[DEBUG] resource with targetPath null
directory C:\Users\cristian.cardozo\Documents\UGlobant\MVN\bus-core-api\src\it\app-desktop-ui\src\test\resources
excludes []
includes []
[INFO] skip non existing resourceDirectory C:\Users\cristian.cardozo\Documents\UGlobant\MVN\bus-core-api\src\it\app-desktop-ui\src\test\resources
[DEBUG] no use filter components
[INFO] 
[INFO] --- maven-compiler-plugin:3.1:testCompile (default-testCompile) @ app-desktop-ui ---
[DEBUG] Configuring mojo org.apache.maven.plugins:maven-compiler-plugin:3.1:testCompile from plugin realm ClassRealm[plugin>org.apache.maven.plugins:maven-compiler-plugin:3.1, parent: jdk.internal.loader.ClassLoaders$AppClassLoader@73d16e93]
[DEBUG] Configuring mojo 'org.apache.maven.plugins:maven-compiler-plugin:3.1:testCompile' with basic configurator -->
[DEBUG]   (f) basedir = C:\Users\cristian.cardozo\Documents\UGlobant\MVN\bus-core-api\src\it\app-desktop-ui
[DEBUG]   (f) buildDirectory = C:\Users\cristian.cardozo\Documents\UGlobant\MVN\bus-core-api\src\it\app-desktop-ui\target
[DEBUG]   (f) classpathElements = [C:\Users\cristian.cardozo\Documents\UGlobant\MVN\bus-core-api\src\it\app-desktop-ui\target\test-classes, C:\Users\cristian.cardozo\Documents\UGlobant\MVN\bus-core-api\src\it\app-desktop-ui\target\classes, C:\Users\cristian.cardozo\Documents\UGlobant\MVN\bus-core-api\target\bus-core-api-1.0-SNAPSHOT.jar, C:\Users\cristian.cardozo\.m2\repository\junit\junit\3.8.1\junit-3.8.1.jar]
[DEBUG]   (f) compileSourceRoots = [C:\Users\cristian.cardozo\Documents\UGlobant\MVN\bus-core-api\src\it\app-desktop-ui\src\test\java]
[DEBUG]   (f) compilerId = javac
[DEBUG]   (f) debug = true
[DEBUG]   (f) encoding = UTF-8
[DEBUG]   (f) failOnError = true
[DEBUG]   (f) forceJavacCompilerUse = false
[DEBUG]   (f) fork = false
[DEBUG]   (f) generatedTestSourcesDirectory = C:\Users\cristian.cardozo\Documents\UGlobant\MVN\bus-core-api\src\it\app-desktop-ui\target\generated-test-sources\test-annotations
[DEBUG]   (f) mojoExecution = org.apache.maven.plugins:maven-compiler-plugin:3.1:testCompile {execution: default-testCompile}
[DEBUG]   (f) optimize = false
[DEBUG]   (f) outputDirectory = C:\Users\cristian.cardozo\Documents\UGlobant\MVN\bus-core-api\src\it\app-desktop-ui\target\test-classes
[DEBUG]   (f) showDeprecation = false
[DEBUG]   (f) showWarnings = false
[DEBUG]   (f) skipMultiThreadWarning = false
[DEBUG]   (f) source = 17
[DEBUG]   (f) staleMillis = 0
[DEBUG]   (f) target = 17
[DEBUG]   (f) useIncrementalCompilation = true
[DEBUG]   (f) verbose = false
[DEBUG]   (f) mavenSession = org.apache.maven.execution.MavenSession@7a344b65
[DEBUG]   (f) session = org.apache.maven.execution.MavenSession@7a344b65
[DEBUG] -- end configuration --
[DEBUG] Using compiler 'javac'.
[DEBUG] Source directories: [C:\Users\cristian.cardozo\Documents\UGlobant\MVN\bus-core-api\src\it\app-desktop-ui\src\test\java]
[DEBUG] Classpath: [C:\Users\cristian.cardozo\Documents\UGlobant\MVN\bus-core-api\src\it\app-desktop-ui\target\test-classes
 C:\Users\cristian.cardozo\Documents\UGlobant\MVN\bus-core-api\src\it\app-desktop-ui\target\classes
 C:\Users\cristian.cardozo\Documents\UGlobant\MVN\bus-core-api\target\bus-core-api-1.0-SNAPSHOT.jar
 C:\Users\cristian.cardozo\.m2\repository\junit\junit\3.8.1\junit-3.8.1.jar]
[DEBUG] Output directory: C:\Users\cristian.cardozo\Documents\UGlobant\MVN\bus-core-api\src\it\app-desktop-ui\target\test-classes
[DEBUG] CompilerReuseStrategy: reuseCreated
[DEBUG] useIncrementalCompilation enabled
[DEBUG] Stale source detected: C:\Users\cristian.cardozo\Documents\UGlobant\MVN\bus-core-api\src\it\app-desktop-ui\src\test\java\com\camcar\appdesktopui\AppTest.java
[INFO] Changes detected - recompiling the module!
[DEBUG] Classpath:
[DEBUG]  C:\Users\cristian.cardozo\Documents\UGlobant\MVN\bus-core-api\src\it\app-desktop-ui\target\test-classes
[DEBUG]  C:\Users\cristian.cardozo\Documents\UGlobant\MVN\bus-core-api\src\it\app-desktop-ui\target\classes
[DEBUG]  C:\Users\cristian.cardozo\Documents\UGlobant\MVN\bus-core-api\target\bus-core-api-1.0-SNAPSHOT.jar
[DEBUG]  C:\Users\cristian.cardozo\.m2\repository\junit\junit\3.8.1\junit-3.8.1.jar
[DEBUG] Source roots:
[DEBUG]  C:\Users\cristian.cardozo\Documents\UGlobant\MVN\bus-core-api\src\it\app-desktop-ui\src\test\java
[DEBUG] Command line options:
[DEBUG] -d C:\Users\cristian.cardozo\Documents\UGlobant\MVN\bus-core-api\src\it\app-desktop-ui\target\test-classes -classpath C:\Users\cristian.cardozo\Documents\UGlobant\MVN\bus-core-api\src\it\app-desktop-ui\target\test-classes;C:\Users\cristian.cardozo\Documents\UGlobant\MVN\bus-core-api\src\it\app-desktop-ui\target\classes;C:\Users\cristian.cardozo\Documents\UGlobant\MVN\bus-core-api\target\bus-core-api-1.0-SNAPSHOT.jar;C:\Users\cristian.cardozo\.m2\repository\junit\junit\3.8.1\junit-3.8.1.jar; -sourcepath C:\Users\cristian.cardozo\Documents\UGlobant\MVN\bus-core-api\src\it\app-desktop-ui\src\test\java; -s C:\Users\cristian.cardozo\Documents\UGlobant\MVN\bus-core-api\src\it\app-desktop-ui\target\generated-test-sources\test-annotations -g -nowarn -target 17 -source 17 -encoding UTF-8
[DEBUG] incrementalBuildHelper#beforeRebuildExecution
[INFO] Compiling 1 source file to C:\Users\cristian.cardozo\Documents\UGlobant\MVN\bus-core-api\src\it\app-desktop-ui\target\test-classes
[DEBUG] incrementalBuildHelper#afterRebuildExecution
[INFO] 
[INFO] --- maven-surefire-plugin:2.12.4:test (default-test) @ app-desktop-ui ---
[DEBUG] Dependency collection stats {ConflictMarker.analyzeTime=262800, ConflictMarker.markTime=87200, ConflictMarker.nodeCount=132, ConflictIdSorter.graphTime=184000, ConflictIdSorter.topsortTime=27100, ConflictIdSorter.conflictIdCount=27, ConflictIdSorter.conflictIdCycleCount=0, ConflictResolver.totalTime=763400, ConflictResolver.conflictItemCount=77, DefaultDependencyCollector.collectTime=47181800, DefaultDependencyCollector.transformTime=1346800}
[DEBUG] org.apache.maven.plugins:maven-surefire-plugin:jar:2.12.4
[DEBUG]    org.apache.maven:maven-plugin-api:jar:2.0.9:compile
[DEBUG]    org.apache.maven.surefire:surefire-booter:jar:2.12.4:compile
[DEBUG]       org.apache.maven.surefire:surefire-api:jar:2.12.4:compile (version managed from default)
[DEBUG]    org.apache.maven.surefire:maven-surefire-common:jar:2.12.4:compile
[DEBUG]       org.apache.commons:commons-lang3:jar:3.1:compile (version managed from default)
[DEBUG]       org.apache.maven.shared:maven-common-artifact-filters:jar:1.3:compile
[DEBUG]    org.codehaus.plexus:plexus-utils:jar:3.0.8:compile
[DEBUG]    org.apache.maven:maven-artifact:jar:2.0.9:compile
[DEBUG]    org.apache.maven:maven-project:jar:2.0.9:compile
[DEBUG]       org.apache.maven:maven-settings:jar:2.0.9:compile
[DEBUG]       org.apache.maven:maven-profile:jar:2.0.9:compile
[DEBUG]       org.apache.maven:maven-model:jar:2.0.9:compile (version managed from default)
[DEBUG]       org.apache.maven:maven-artifact-manager:jar:2.0.9:compile
[DEBUG]       org.apache.maven:maven-plugin-registry:jar:2.0.9:compile
[DEBUG]       org.codehaus.plexus:plexus-container-default:jar:1.0-alpha-9-stable-1:compile
[DEBUG]          junit:junit:jar:3.8.1:test (scope managed from default) (version managed from default)
[DEBUG]    org.apache.maven:maven-core:jar:2.0.9:compile (exclusions managed from default)
[DEBUG]       org.apache.maven:maven-plugin-parameter-documenter:jar:2.0.9:compile
[DEBUG]       org.apache.maven.reporting:maven-reporting-api:jar:2.0.9:compile
[DEBUG]       org.apache.maven:maven-repository-metadata:jar:2.0.9:compile
[DEBUG]       org.apache.maven:maven-error-diagnostics:jar:2.0.9:compile
[DEBUG]       org.apache.maven:maven-plugin-descriptor:jar:2.0.9:compile
[DEBUG]       org.apache.maven:maven-monitor:jar:2.0.9:compile
[DEBUG]       classworlds:classworlds:jar:1.1:compile
[DEBUG]    org.apache.maven:maven-toolchain:jar:2.0.9:compile
[DEBUG]    org.apache.maven.plugin-tools:maven-plugin-annotations:jar:3.1:compile
[DEBUG] Created new class realm plugin>org.apache.maven.plugins:maven-surefire-plugin:2.12.4
[DEBUG] Importing foreign packages into class realm plugin>org.apache.maven.plugins:maven-surefire-plugin:2.12.4
[DEBUG]   Imported:  < maven.api
[DEBUG] Populating class realm plugin>org.apache.maven.plugins:maven-surefire-plugin:2.12.4
[DEBUG]   Included: org.apache.maven.plugins:maven-surefire-plugin:jar:2.12.4
[DEBUG]   Included: org.apache.maven.surefire:surefire-booter:jar:2.12.4
[DEBUG]   Included: org.apache.maven.surefire:surefire-api:jar:2.12.4
[DEBUG]   Included: org.apache.maven.surefire:maven-surefire-common:jar:2.12.4
[DEBUG]   Included: org.apache.commons:commons-lang3:jar:3.1
[DEBUG]   Included: org.apache.maven.shared:maven-common-artifact-filters:jar:1.3
[DEBUG]   Included: org.codehaus.plexus:plexus-utils:jar:3.0.8
[DEBUG]   Included: org.apache.maven.reporting:maven-reporting-api:jar:2.0.9
[DEBUG]   Included: org.apache.maven.plugin-tools:maven-plugin-annotations:jar:3.1
[DEBUG] Configuring mojo org.apache.maven.plugins:maven-surefire-plugin:2.12.4:test from plugin realm ClassRealm[plugin>org.apache.maven.plugins:maven-surefire-plugin:2.12.4, parent: jdk.internal.loader.ClassLoaders$AppClassLoader@73d16e93]
[DEBUG] Configuring mojo 'org.apache.maven.plugins:maven-surefire-plugin:2.12.4:test' with basic configurator -->
[DEBUG]   (s) basedir = C:\Users\cristian.cardozo\Documents\UGlobant\MVN\bus-core-api\src\it\app-desktop-ui
[DEBUG]   (s) childDelegation = false
[DEBUG]   (s) classesDirectory = C:\Users\cristian.cardozo\Documents\UGlobant\MVN\bus-core-api\src\it\app-desktop-ui\target\classes
[DEBUG]   (s) disableXmlReport = false
[DEBUG]   (s) enableAssertions = true
[DEBUG]   (s) forkMode = once
[DEBUG]   (s) junitArtifactName = junit:junit
[DEBUG]   (s) localRepository =       id: local
      url: file:///C:/Users/cristian.cardozo/.m2/repository/
   layout: default
snapshots: [enabled => true, update => always]
 releases: [enabled => true, update => always]
   blocked: false

[DEBUG]   (f) parallelMavenExecution = false
[DEBUG]   (s) perCoreThreadCount = true
[DEBUG]   (s) pluginArtifactMap = {org.apache.maven.plugins:maven-surefire-plugin=org.apache.maven.plugins:maven-surefire-plugin:maven-plugin:2.12.4:, org.apache.maven:maven-plugin-api=org.apache.maven:maven-plugin-api:jar:2.0.9:compile, org.apache.maven.surefire:surefire-booter=org.apache.maven.surefire:surefire-booter:jar:2.12.4:compile, org.apache.maven.surefire:surefire-api=org.apache.maven.surefire:surefire-api:jar:2.12.4:compile, org.apache.maven.surefire:maven-surefire-common=org.apache.maven.surefire:maven-surefire-common:jar:2.12.4:compile, org.apache.commons:commons-lang3=org.apache.commons:commons-lang3:jar:3.1:compile, org.apache.maven.shared:maven-common-artifact-filters=org.apache.maven.shared:maven-common-artifact-filters:jar:1.3:compile, org.codehaus.plexus:plexus-utils=org.codehaus.plexus:plexus-utils:jar:3.0.8:compile, org.apache.maven:maven-artifact=org.apache.maven:maven-artifact:jar:2.0.9:compile, org.apache.maven:maven-project=org.apache.maven:maven-project:jar:2.0.9:compile, org.apache.maven:maven-settings=org.apache.maven:maven-settings:jar:2.0.9:compile, org.apache.maven:maven-profile=org.apache.maven:maven-profile:jar:2.0.9:compile, org.apache.maven:maven-model=org.apache.maven:maven-model:jar:2.0.9:compile, org.apache.maven:maven-artifact-manager=org.apache.maven:maven-artifact-manager:jar:2.0.9:compile, org.apache.maven:maven-plugin-registry=org.apache.maven:maven-plugin-registry:jar:2.0.9:compile, org.codehaus.plexus:plexus-container-default=org.codehaus.plexus:plexus-container-default:jar:1.0-alpha-9-stable-1:compile, org.apache.maven:maven-core=org.apache.maven:maven-core:jar:2.0.9:compile, org.apache.maven:maven-plugin-parameter-documenter=org.apache.maven:maven-plugin-parameter-documenter:jar:2.0.9:compile, org.apache.maven.reporting:maven-reporting-api=org.apache.maven.reporting:maven-reporting-api:jar:2.0.9:compile, org.apache.maven:maven-repository-metadata=org.apache.maven:maven-repository-metadata:jar:2.0.9:compile, org.apache.maven:maven-error-diagnostics=org.apache.maven:maven-error-diagnostics:jar:2.0.9:compile, org.apache.maven:maven-plugin-descriptor=org.apache.maven:maven-plugin-descriptor:jar:2.0.9:compile, org.apache.maven:maven-monitor=org.apache.maven:maven-monitor:jar:2.0.9:compile, classworlds:classworlds=classworlds:classworlds:jar:1.1:compile, org.apache.maven:maven-toolchain=org.apache.maven:maven-toolchain:jar:2.0.9:compile, org.apache.maven.plugin-tools:maven-plugin-annotations=org.apache.maven.plugin-tools:maven-plugin-annotations:jar:3.1:compile}
[DEBUG]   (f) pluginDescriptor = Component Descriptor: role: 'org.apache.maven.plugin.Mojo', implementation: 'org.apache.maven.plugin.surefire.HelpMojo', role hint: 'org.apache.maven.plugins:maven-surefire-plugin:2.12.4:help'
role: 'org.apache.maven.plugin.Mojo', implementation: 'org.apache.maven.plugin.surefire.SurefirePlugin', role hint: 'org.apache.maven.plugins:maven-surefire-plugin:2.12.4:test'
---
[DEBUG]   (s) printSummary = true
[DEBUG]   (s) projectArtifactMap = {com.camcar.buscoreapi:bus-core-api=com.camcar.buscoreapi:bus-core-api:jar:1.0-SNAPSHOT:system, junit:junit=junit:junit:jar:3.8.1:test}
[DEBUG]   (s) redirectTestOutputToFile = false
[DEBUG]   (s) remoteRepositories = [      id: central
      url: https://repo.maven.apache.org/maven2
   layout: default
snapshots: [enabled => false, update => daily]
 releases: [enabled => true, update => never]
   blocked: false
]
[DEBUG]   (s) reportFormat = brief
[DEBUG]   (s) reportsDirectory = C:\Users\cristian.cardozo\Documents\UGlobant\MVN\bus-core-api\src\it\app-desktop-ui\target\surefire-reports
[DEBUG]   (s) runOrder = filesystem
[DEBUG]   (s) skip = false
[DEBUG]   (s) skipTests = false
[DEBUG]   (s) testClassesDirectory = C:\Users\cristian.cardozo\Documents\UGlobant\MVN\bus-core-api\src\it\app-desktop-ui\target\test-classes
[DEBUG]   (s) testFailureIgnore = false
[DEBUG]   (s) testNGArtifactName = org.testng:testng
[DEBUG]   (s) testSourceDirectory = C:\Users\cristian.cardozo\Documents\UGlobant\MVN\bus-core-api\src\it\app-desktop-ui\src\test\java
[DEBUG]   (s) trimStackTrace = true
[DEBUG]   (s) useFile = true
[DEBUG]   (s) useManifestOnlyJar = true
[DEBUG]   (s) useSystemClassLoader = true
[DEBUG]   (s) useUnlimitedThreads = false
[DEBUG]   (s) workingDirectory = C:\Users\cristian.cardozo\Documents\UGlobant\MVN\bus-core-api\src\it\app-desktop-ui
[DEBUG]   (s) project = MavenProject: com.camcar.appdesktopui:app-desktop-ui:1.0 @ C:\Users\cristian.cardozo\Documents\UGlobant\MVN\bus-core-api\src\it\app-desktop-ui\interpolated-pom.xml
[DEBUG]   (s) session = org.apache.maven.execution.MavenSession@7a344b65
[DEBUG] -- end configuration --
[INFO] Surefire report directory: C:\Users\cristian.cardozo\Documents\UGlobant\MVN\bus-core-api\src\it\app-desktop-ui\target\surefire-reports
[DEBUG] Setting system property [basedir]=[C:\Users\cristian.cardozo\Documents\UGlobant\MVN\bus-core-api\src\it\app-desktop-ui]
[DEBUG] Setting system property [user.dir]=[C:\Users\cristian.cardozo\Documents\UGlobant\MVN\bus-core-api\src\it\app-desktop-ui]
[DEBUG] Setting system property [maven.repo.local]=[C:\Users\cristian.cardozo\.m2\repository]
[DEBUG] Setting system property [localRepository]=[C:\Users\cristian.cardozo\.m2\repository]
[DEBUG] dummy:dummy:jar:1.0 (selected for null)
[DEBUG]   org.apache.maven.surefire:surefire-booter:jar:2.12.4:compile (selected for compile)
[DEBUG]     org.apache.maven.surefire:surefire-api:jar:2.12.4:compile (selected for compile)
[DEBUG] Adding to surefire booter test classpath: C:\Users\cristian.cardozo\.m2\repository\org\apache\maven\surefire\surefire-booter\2.12.4\surefire-booter-2.12.4.jar Scope: compile
[DEBUG] Adding to surefire booter test classpath: C:\Users\cristian.cardozo\.m2\repository\org\apache\maven\surefire\surefire-api\2.12.4\surefire-api-2.12.4.jar Scope: compile
[DEBUG] Using JVM: C:\Program Files\Java\jdk-17.0.2\bin\java
[DEBUG] dummy:dummy:jar:1.0 (selected for null)
[DEBUG]   org.apache.maven.surefire:surefire-junit3:jar:2.12.4:test (selected for test)
[DEBUG]     org.apache.maven.surefire:surefire-api:jar:2.12.4:test (selected for test)
[DEBUG] Adding to surefire test classpath: C:\Users\cristian.cardozo\.m2\repository\org\apache\maven\surefire\surefire-junit3\2.12.4\surefire-junit3-2.12.4.jar Scope: test
[DEBUG] Adding to surefire test classpath: C:\Users\cristian.cardozo\.m2\repository\org\apache\maven\surefire\surefire-api\2.12.4\surefire-api-2.12.4.jar Scope: test
[DEBUG] test classpath classpath:
[DEBUG]   C:\Users\cristian.cardozo\Documents\UGlobant\MVN\bus-core-api\src\it\app-desktop-ui\target\test-classes
[DEBUG]   C:\Users\cristian.cardozo\Documents\UGlobant\MVN\bus-core-api\src\it\app-desktop-ui\target\classes
[DEBUG]   C:\Users\cristian.cardozo\Documents\UGlobant\MVN\bus-core-api\target\bus-core-api-1.0-SNAPSHOT.jar
[DEBUG]   C:\Users\cristian.cardozo\.m2\repository\junit\junit\3.8.1\junit-3.8.1.jar
[DEBUG] provider classpath classpath:
[DEBUG]   C:\Users\cristian.cardozo\.m2\repository\org\apache\maven\surefire\surefire-junit3\2.12.4\surefire-junit3-2.12.4.jar
[DEBUG]   C:\Users\cristian.cardozo\.m2\repository\org\apache\maven\surefire\surefire-api\2.12.4\surefire-api-2.12.4.jar

-------------------------------------------------------
 T E S T S
-------------------------------------------------------
Forking command line: cmd.exe /X /C ""C:\Program Files\Java\jdk-17.0.2\bin\java" -jar C:\Users\cristian.cardozo\Documents\UGlobant\MVN\bus-core-api\src\it\app-desktop-ui\target\surefire\surefirebooter9650940573324715424.jar C:\Users\cristian.cardozo\Documents\UGlobant\MVN\bus-core-api\src\it\app-desktop-ui\target\surefire\surefire10969315959723888600tmp C:\Users\cristian.cardozo\Documents\UGlobant\MVN\bus-core-api\src\it\app-desktop-ui\target\surefire\surefire_01566230223438356581tmp"
Running com.camcar.appdesktopui.AppTest
Tests run: 1, Failures: 0, Errors: 0, Skipped: 0, Time elapsed: 0.009 sec

Results :

Tests run: 1, Failures: 0, Errors: 0, Skipped: 0

[INFO] 
[INFO] --- maven-jar-plugin:2.4:jar (default-jar) @ app-desktop-ui ---
[DEBUG] Dependency collection stats {ConflictMarker.analyzeTime=101900, ConflictMarker.markTime=42600, ConflictMarker.nodeCount=74, ConflictIdSorter.graphTime=101500, ConflictIdSorter.topsortTime=22600, ConflictIdSorter.conflictIdCount=28, ConflictIdSorter.conflictIdCycleCount=0, ConflictResolver.totalTime=524800, ConflictResolver.conflictItemCount=70, DefaultDependencyCollector.collectTime=33064100, DefaultDependencyCollector.transformTime=819000}
[DEBUG] org.apache.maven.plugins:maven-jar-plugin:jar:2.4
[DEBUG]    org.apache.maven:maven-plugin-api:jar:2.0.6:compile
[DEBUG]    org.apache.maven:maven-project:jar:2.0.6:compile
[DEBUG]       org.apache.maven:maven-settings:jar:2.0.6:compile
[DEBUG]       org.apache.maven:maven-profile:jar:2.0.6:compile
[DEBUG]       org.apache.maven:maven-artifact-manager:jar:2.0.6:compile
[DEBUG]          org.apache.maven:maven-repository-metadata:jar:2.0.6:compile
[DEBUG]       org.apache.maven:maven-plugin-registry:jar:2.0.6:compile
[DEBUG]       org.codehaus.plexus:plexus-container-default:jar:1.0-alpha-9-stable-1:compile
[DEBUG]          junit:junit:jar:3.8.1:compile
[DEBUG]          classworlds:classworlds:jar:1.1-alpha-2:compile
[DEBUG]    org.apache.maven:maven-model:jar:2.0.6:runtime
[DEBUG]    org.apache.maven:maven-artifact:jar:2.0.6:compile
[DEBUG]    org.apache.maven:maven-archiver:jar:2.5:compile
[DEBUG]       org.apache.maven:maven-core:jar:2.0.6:compile
[DEBUG]          org.apache.maven:maven-plugin-parameter-documenter:jar:2.0.6:compile
[DEBUG]          org.apache.maven.reporting:maven-reporting-api:jar:2.0.6:compile
[DEBUG]             org.apache.maven.doxia:doxia-sink-api:jar:1.0-alpha-7:compile
[DEBUG]          org.apache.maven:maven-error-diagnostics:jar:2.0.6:compile
[DEBUG]          commons-cli:commons-cli:jar:1.0:compile
[DEBUG]          org.apache.maven:maven-plugin-descriptor:jar:2.0.6:compile
[DEBUG]          org.codehaus.plexus:plexus-interactivity-api:jar:1.0-alpha-4:compile
[DEBUG]          org.apache.maven:maven-monitor:jar:2.0.6:compile
[DEBUG]       org.codehaus.plexus:plexus-interpolation:jar:1.15:compile
[DEBUG]    org.codehaus.plexus:plexus-archiver:jar:2.1:compile
[DEBUG]       org.codehaus.plexus:plexus-io:jar:2.0.2:compile
[DEBUG]    commons-lang:commons-lang:jar:2.1:compile
[DEBUG]    org.codehaus.plexus:plexus-utils:jar:3.0:compile
[DEBUG] Created new class realm plugin>org.apache.maven.plugins:maven-jar-plugin:2.4
[DEBUG] Importing foreign packages into class realm plugin>org.apache.maven.plugins:maven-jar-plugin:2.4
[DEBUG]   Imported:  < maven.api
[DEBUG] Populating class realm plugin>org.apache.maven.plugins:maven-jar-plugin:2.4
[DEBUG]   Included: org.apache.maven.plugins:maven-jar-plugin:jar:2.4
[DEBUG]   Included: junit:junit:jar:3.8.1
[DEBUG]   Included: org.apache.maven:maven-archiver:jar:2.5
[DEBUG]   Included: org.apache.maven.reporting:maven-reporting-api:jar:2.0.6
[DEBUG]   Included: org.apache.maven.doxia:doxia-sink-api:jar:1.0-alpha-7
[DEBUG]   Included: commons-cli:commons-cli:jar:1.0
[DEBUG]   Included: org.codehaus.plexus:plexus-interactivity-api:jar:1.0-alpha-4
[DEBUG]   Included: org.codehaus.plexus:plexus-interpolation:jar:1.15
[DEBUG]   Included: org.codehaus.plexus:plexus-archiver:jar:2.1
[DEBUG]   Included: org.codehaus.plexus:plexus-io:jar:2.0.2
[DEBUG]   Included: commons-lang:commons-lang:jar:2.1
[DEBUG]   Included: org.codehaus.plexus:plexus-utils:jar:3.0
[DEBUG] Configuring mojo org.apache.maven.plugins:maven-jar-plugin:2.4:jar from plugin realm ClassRealm[plugin>org.apache.maven.plugins:maven-jar-plugin:2.4, parent: jdk.internal.loader.ClassLoaders$AppClassLoader@73d16e93]
[DEBUG] Configuring mojo 'org.apache.maven.plugins:maven-jar-plugin:2.4:jar' with basic configurator -->
[DEBUG]   (f) classesDirectory = C:\Users\cristian.cardozo\Documents\UGlobant\MVN\bus-core-api\src\it\app-desktop-ui\target\classes
[DEBUG]   (f) defaultManifestFile = C:\Users\cristian.cardozo\Documents\UGlobant\MVN\bus-core-api\src\it\app-desktop-ui\target\classes\META-INF\MANIFEST.MF
[DEBUG]   (f) finalName = app-desktop-ui-1.0
[DEBUG]   (f) forceCreation = false
[DEBUG]   (f) outputDirectory = C:\Users\cristian.cardozo\Documents\UGlobant\MVN\bus-core-api\src\it\app-desktop-ui\target
[DEBUG]   (f) project = MavenProject: com.camcar.appdesktopui:app-desktop-ui:1.0 @ C:\Users\cristian.cardozo\Documents\UGlobant\MVN\bus-core-api\src\it\app-desktop-ui\interpolated-pom.xml
[DEBUG]   (f) session = org.apache.maven.execution.MavenSession@7a344b65
[DEBUG]   (f) skipIfEmpty = false
[DEBUG]   (f) useDefaultManifestFile = false
[DEBUG] -- end configuration --
[DEBUG] isUp2date: false (Destination C:\Users\cristian.cardozo\Documents\UGlobant\MVN\bus-core-api\src\it\app-desktop-ui\target\app-desktop-ui-1.0.jar not found.)
[INFO] Building jar: C:\Users\cristian.cardozo\Documents\UGlobant\MVN\bus-core-api\src\it\app-desktop-ui\target\app-desktop-ui-1.0.jar
[DEBUG] adding directory META-INF/
[DEBUG] adding entry META-INF/MANIFEST.MF
[DEBUG] adding directory com/
[DEBUG] adding directory com/camcar/
[DEBUG] adding directory com/camcar/appdesktopui/
[DEBUG] adding entry com/camcar/appdesktopui/App.class
[DEBUG] adding directory META-INF/maven/
[DEBUG] adding directory META-INF/maven/com.camcar.appdesktopui/
[DEBUG] adding directory META-INF/maven/com.camcar.appdesktopui/app-desktop-ui/
[DEBUG] adding entry META-INF/maven/com.camcar.appdesktopui/app-desktop-ui/pom.xml
[DEBUG] adding entry META-INF/maven/com.camcar.appdesktopui/app-desktop-ui/pom.properties
[INFO] ------------------------------------------------------------------------
[INFO] BUILD SUCCESS
[INFO] ------------------------------------------------------------------------
[INFO] Total time:  1.827 s
[INFO] Finished at: 2022-02-01T16:54:10-05:00
[INFO] ------------------------------------------------------------------------
